[debug] [2026-07-20T08:20:24.486Z] ----------------------------------------------------------------------
[debug] [2026-07-20T08:20:24.501Z] Command:       C:\Program Files\nodejs\node.exe C:\Users\geoff\AppData\Roaming\npm\node_modules\firebase-tools\lib\bin\firebase.js deploy --only firestore:indexes --project cheers-34b8d
[debug] [2026-07-20T08:20:24.502Z] CLI Version:   15.24.0
[debug] [2026-07-20T08:20:24.503Z] Platform:      win32
[debug] [2026-07-20T08:20:24.503Z] Node Version:  v24.18.0
[debug] [2026-07-20T08:20:24.504Z] Detected Agent: unknown
[debug] [2026-07-20T08:20:24.505Z] Time:          Mon Jul 20 2026 03:20:24 GMT-0500 (Central Daylight Time)
[debug] [2026-07-20T08:20:24.505Z] ----------------------------------------------------------------------
[debug] 
[debug] [2026-07-20T08:20:34.686Z] > command requires scopes: ["email","openid","https://www.googleapis.com/auth/cloudplatformprojects.readonly","https://www.googleapis.com/auth/firebase","https://www.googleapis.com/auth/cloud-platform"]
[debug] [2026-07-20T08:20:34.688Z] > authorizing via signed-in user (geoffm1985@gmail.com)
[debug] [2026-07-20T08:20:34.688Z] [iam] checking project cheers-34b8d for permissions ["datastore.indexes.create","datastore.indexes.delete","datastore.indexes.list","datastore.indexes.update","firebase.projects.get"]
[debug] [2026-07-20T08:20:34.781Z] Checked if tokens are valid: true, expires at: 1784539016780
[debug] [2026-07-20T08:20:34.784Z] Checked if tokens are valid: true, expires at: 1784539016780
[debug] [2026-07-20T08:20:34.795Z] >>> [apiv2][query] POST https://cloudresourcemanager.googleapis.com/v1/projects/cheers-34b8d:testIamPermissions [none]
[debug] [2026-07-20T08:20:34.796Z] >>> [apiv2][(partial)header] POST https://cloudresourcemanager.googleapis.com/v1/projects/cheers-34b8d:testIamPermissions  x-goog-user-project=cheers-34b8d
[debug] [2026-07-20T08:20:34.796Z] >>> [apiv2][body] POST https://cloudresourcemanager.googleapis.com/v1/projects/cheers-34b8d:testIamPermissions {"permissions":["datastore.indexes.create","datastore.indexes.delete","datastore.indexes.list","datastore.indexes.update","firebase.projects.get"]}
[debug] [2026-07-20T08:20:36.152Z] <<< [apiv2][status] POST https://cloudresourcemanager.googleapis.com/v1/projects/cheers-34b8d:testIamPermissions 200
[debug] [2026-07-20T08:20:36.153Z] <<< [apiv2][body] POST https://cloudresourcemanager.googleapis.com/v1/projects/cheers-34b8d:testIamPermissions {"permissions":["datastore.indexes.create","datastore.indexes.delete","datastore.indexes.list","datastore.indexes.update","firebase.projects.get"]}
[info] 
[info] === Deploying to 'cheers-34b8d'...
[info] 
[info] i  deploying firestore 
[info] i  firestore: ensuring required API firestore.googleapis.com is enabled... 
[debug] [2026-07-20T08:20:36.203Z] Checked if tokens are valid: true, expires at: 1784539016780
[debug] [2026-07-20T08:20:36.204Z] Checked if tokens are valid: true, expires at: 1784539016780
[debug] [2026-07-20T08:20:36.204Z] >>> [apiv2][query] GET https://serviceusage.googleapis.com/v1/projects/cheers-34b8d/services/firestore.googleapis.com [none]
[debug] [2026-07-20T08:20:36.204Z] >>> [apiv2][(partial)header] GET https://serviceusage.googleapis.com/v1/projects/cheers-34b8d/services/firestore.googleapis.com  x-goog-user-project=cheers-34b8d
[debug] [2026-07-20T08:20:36.638Z] <<< [apiv2][status] GET https://serviceusage.googleapis.com/v1/projects/cheers-34b8d/services/firestore.googleapis.com 200
[debug] [2026-07-20T08:20:36.639Z] <<< [apiv2][body] GET https://serviceusage.googleapis.com/v1/projects/cheers-34b8d/services/firestore.googleapis.com [omitted]
[info] +  firestore: required API firestore.googleapis.com is enabled 
[info] i  firestore: ensuring required API firestore.googleapis.com is enabled... 
[debug] [2026-07-20T08:20:36.684Z] Checked if tokens are valid: true, expires at: 1784539016780
[debug] [2026-07-20T08:20:36.684Z] Checked if tokens are valid: true, expires at: 1784539016780
[debug] [2026-07-20T08:20:36.685Z] >>> [apiv2][query] GET https://firestore.googleapis.com/v1/projects/cheers-34b8d/databases/(default) [none]
[debug] [2026-07-20T08:20:37.401Z] <<< [apiv2][status] GET https://firestore.googleapis.com/v1/projects/cheers-34b8d/databases/(default) 200
[debug] [2026-07-20T08:20:37.402Z] <<< [apiv2][body] GET https://firestore.googleapis.com/v1/projects/cheers-34b8d/databases/(default) {"name":"projects/cheers-34b8d/databases/(default)","uid":"e89fb3c1-bdd0-43fa-b5bd-364266d222ca","createTime":"2026-06-05T04:02:19.924684Z","updateTime":"2026-07-02T14:24:47.760497Z","locationId":"nam5","type":"FIRESTORE_NATIVE","concurrencyMode":"PESSIMISTIC","versionRetentionPeriod":"604800s","earliestVersionTime":"2026-07-13T08:22:00Z","appEngineIntegrationMode":"DISABLED","keyPrefix":"s","pointInTimeRecoveryEnablement":"POINT_IN_TIME_RECOVERY_ENABLED","deleteProtectionState":"DELETE_PROTECTION_DISABLED","backupConfig":{"backupSchedulesEnabled":true},"databaseEdition":"STANDARD","freeTier":true,"realtimeUpdatesMode":"REALTIME_UPDATES_MODE_ENABLED","etag":"IJedqL/p4JUDMIXkiZCZtJUD"}
[info] i  firestore: reading indexes from firestore.indexes.json... 
[info] i  cloud.firestore: checking firestore.rules for compilation errors... 
[debug] [2026-07-20T08:20:37.416Z] Checked if tokens are valid: true, expires at: 1784539016780
[debug] [2026-07-20T08:20:37.417Z] Checked if tokens are valid: true, expires at: 1784539016780
[debug] [2026-07-20T08:20:37.418Z] >>> [apiv2][query] POST https://firebaserules.googleapis.com/v1/projects/cheers-34b8d:test [none]
[debug] [2026-07-20T08:20:37.418Z] >>> [apiv2][body] POST https://firebaserules.googleapis.com/v1/projects/cheers-34b8d:test [omitted]
[debug] [2026-07-20T08:20:42.802Z] <<< [apiv2][status] POST https://firebaserules.googleapis.com/v1/projects/cheers-34b8d:test 503
[debug] [2026-07-20T08:20:42.803Z] <<< [apiv2][body] POST https://firebaserules.googleapis.com/v1/projects/cheers-34b8d:test {"error":{"code":503,"message":"The service is currently unavailable.","status":"UNAVAILABLE"}}
[error] 
[error] Error: Request to https://firebaserules.googleapis.com/v1/projects/cheers-34b8d:test had HTTP Error: 503, The service is currently unavailable.
[debug] [2026-07-20T08:20:42.816Z] Error Context: {
  "body": {
    "error": {
      "code": 503,
      "message": "The service is currently unavailable.",
      "status": "UNAVAILABLE"
    }
  },
  "response": {
    "statusCode": 503
  }
}
